{"message":"Unauthorized request to path: /","level":"error"}
{"message":"Unauthorized request to path: /","level":"error"}
{"message":"Unauthorized request to path: /","level":"error"}
{"message":"Unauthorized request to path: /","level":"error"}
{"message":"Unauthorized request to path: /","level":"error"}
{"message":"Unauthorized request to path: /","level":"error"}
{"message":"Unauthorized request to path: /","level":"error"}
{"message":"Unauthorized request to path: /","level":"error"}
{"message":"Unauthorized request to path: /","level":"error"}
{"message":"Unauthorized request to path: /","level":"error"}
{"message":"Cannot read property 'select' of undefined","level":"error"}
{"message":"Unauthorized request to path: /","level":"error"}
{"message":"Cannot read property 'select' of undefined","level":"error"}
{"message":"Unauthorized request to path: /","level":"error"}
{"message":"Cannot read property 'select' of undefined","level":"error"}
{"message":"Unauthorized request to path: /","level":"error"}
{"message":"Cannot read property 'select' of undefined","level":"error"}
{"message":"Unauthorized request to path: /","level":"error"}
{"message":"Cannot read property 'select' of undefined","level":"error"}
{"message":"Unauthorized request to path: /","level":"error"}
{"message":"Cannot read property 'select' of undefined","level":"error"}
{"message":"Unauthorized request to path: /","level":"error"}
{"message":"Unauthorized request to path: /","level":"error"}
{"message":"Unauthorized request to path: /","level":"error"}
{"message":"Cannot read property 'select' of undefined","level":"error"}
{"message":"Unauthorized request to path: /","level":"error"}
{"message":"no pg_hba.conf entry for host \"73.213.140.215\", user \"rghckqjpmfrwnx\", database \"d1sei3l20mvem6\", SSL off","level":"error"}
{"message":"Unauthorized request to path: /","level":"error"}
{"message":"role \"cmacd\" does not exist","level":"error"}
{"message":"Unauthorized request to path: /","level":"error"}
{"message":"Unauthorized request to path: /","level":"error"}
{"message":"Unauthorized request to path: /teams","level":"error"}
{"message":"Unauthorized request to path: /teams","level":"error"}
{"message":"Unauthorized request to path: /","level":"error"}
{"message":"Unauthorized request to path: /","level":"error"}
{"message":"Unauthorized request to path: /api/users","level":"error"}
{"message":"Unauthorized request to path: /about","level":"error"}
{"message":"Unauthorized request to path: /users","level":"error"}
{"message":"Unauthorized request to path: /api/users","level":"error"}
{"message":"Unauthorized request to path: /api/users","level":"error"}
{"message":"Unauthorized request to path: /api/users","level":"error"}
{"message":"Unauthorized request to path: /api/users","level":"error"}
{"message":"user_name is not defined","level":"error"}
{"message":"Unauthorized request to path: /api/users","level":"error"}
{"message":"select * from \"blogful_users\" where \"user_name\" = $1 limit $2 - relation \"blogful_users\" does not exist","level":"error"}
{"message":"Unauthorized request to path: /api/users","level":"error"}
{"message":"insert into \"ffdb_users\" (\"email\", \"name\", \"password\", \"username\") values ($1, $2, $3, $4) returning * - column \"email\" of relation \"ffdb_users\" does not exist","level":"error"}
{"message":"Unauthorized request to path: /api/users","level":"error"}
{"message":"select * from \"ffdb_users\" where \"user_name\" = $1 limit $2 - column \"user_name\" does not exist","level":"error"}
{"message":"Unauthorized request to path: /api/users","level":"error"}
{"message":"Unauthorized request to path: /api/auth/login","level":"error"}
{"message":"Unauthorized request to path: /api/auth/login","level":"error"}
{"message":"Unauthorized request to path: /api/auth/login","level":"error"}
{"message":"Unauthorized request to path: /api/auth/login","level":"error"}
{"message":"Unauthorized request to path: /api/auth/login","level":"error"}
{"message":"Unauthorized request to path: /api/auth/login","level":"error"}
{"message":"Unauthorized request to path: /api/auth/login","level":"error"}
{"message":"select * from \"blogful_users\" where \"username\" = $1 limit $2 - relation \"blogful_users\" does not exist","level":"error"}
{"message":"select * from \"blogful_users\" where \"username\" = $1 limit $2 - relation \"blogful_users\" does not exist","level":"error"}
{"message":"select * from \"blogful_users\" where \"username\" = $1 limit $2 - relation \"blogful_users\" does not exist","level":"error"}
{"message":"secretOrPrivateKey must have a value","level":"error"}
{"message":"secretOrPrivateKey must have a value","level":"error"}
{"message":"secretOrPrivateKey must have a value","level":"error"}
{"message":"secretOrPrivateKey must have a value","level":"error"}
{"message":"secretOrPrivateKey must have a value","level":"error"}
{"message":"secretOrPrivateKey must have a value","level":"error"}
{"message":"secretOrPrivateKey must have a value","level":"error"}
{"message":"secretOrPrivateKey must have a value","level":"error"}
{"message":"secretOrPrivateKey must have a value","level":"error"}
{"message":"secretOrPrivateKey must have a value","level":"error"}
{"message":"secretOrPrivateKey must have a value","level":"error"}
{"message":"secretOrPrivateKey must have a value","level":"error"}
{"message":"secretOrPrivateKey must have a value","level":"error"}
{"message":"no pg_hba.conf entry for host \"73.213.140.215\", user \"fqblaunotmipvk\", database \"dea42l80vtgub0\", SSL off","level":"error"}
{"message":"no pg_hba.conf entry for host \"73.213.140.215\", user \"fqblaunotmipvk\", database \"dea42l80vtgub0\", SSL off","level":"error"}
{"message":"no pg_hba.conf entry for host \"73.213.140.215\", user \"fqblaunotmipvk\", database \"dea42l80vtgub0\", SSL off","level":"error"}
{"message":"role \"cmacd\" does not exist","level":"error"}
{"message":"TeamService is not defined","level":"error"}
